
=== Fri Nov  1 20:45:34 2024

Packages were changed.
Update Mode: updateDependencies

The following packages were added:
  com.unity.modules.accessibility@1.0.0
  com.unity.multiplayer.center@1.0.0
The following packages were updated:
  com.unity.addressables from version 1.21.19 to 2.2.2
  com.unity.ai.navigation from version 1.1.5 to 2.0.4
  com.unity.cinemachine from version 2.9.7 to 2.10.1
  com.unity.collab-proxy from version 2.2.0 to 2.5.2
  com.unity.ide.rider from version 3.0.27 to 3.0.31
  com.unity.purchasing from version 4.9.3 to 4.12.2
  com.unity.test-framework from version 1.1.33 to 1.4.5
  com.unity.timeline from version 1.7.6 to 1.8.7
  com.unity.toolchain.win-x86_64-linux-x86_64 from version 2.0.5 to 2.0.9
  com.unity.ugui from version 1.0.0 to 2.0.0
  com.unity.xr.legacyinputhelpers from version 2.1.10 to 2.1.11
The following packages were removed:
  com.unity.textmeshpro@3.0.6

=== Sun Dec  1 15:09:48 2024

Packages were changed.
Update Mode: updateDependencies

The following packages were updated:
  com.unity.ai.navigation from version 2.0.4 to 2.0.5

=== Sat Mar  8 14:22:27 2025

Packages were changed.
Update Mode: updateDependencies

The following packages were updated:
  com.unity.ai.navigation from version 2.0.5 to 2.0.6
  com.unity.collab-proxy from version 2.5.2 to 2.7.1
  com.unity.test-framework from version 1.4.5 to 1.4.6
  com.unity.xr.legacyinputhelpers from version 2.1.11 to 2.1.12

=== Sun Jun 15 15:54:51 2025

Packages were changed.
Update Mode: updateDependencies

The following packages were updated:
  com.unity.addressables from version 2.2.2 to 2.4.3
  com.unity.ai.navigation from version 2.0.6 to 2.0.7
  com.unity.ide.visualstudio from version 2.0.22 to 2.0.23
  com.unity.test-framework from version 1.4.6 to 1.5.1

=== Sun Jun 22 20:16:50 2025

Packages were changed.
Update Mode: updateDependencies

The following packages were updated:
  com.unity.addressables from version 2.4.6 to 2.5.0
  com.unity.collab-proxy from version 2.7.1 to 2.8.2
